c:\users\dad.intern4\desktop\game\hellotriangle\utilities\debug\vc120.pdb
c:\users\dad.intern4\desktop\game\hellotriangle\utilities\debug\vc120.idb
c:\users\dad.intern4\desktop\game\hellotriangle\utilities\debug\matrix.obj
c:\users\dad.intern4\desktop\game\hellotriangle\utilities\debug\tga.obj
c:\users\dad.intern4\desktop\game\hellotriangle\utilities\debug\timer.obj
c:\users\dad.intern4\desktop\game\hellotriangle\utilities\debug\vector2.obj
c:\users\dad.intern4\desktop\game\hellotriangle\utilities\debug\vector3.obj
c:\users\dad.intern4\desktop\game\hellotriangle\utilities\debug\vector4.obj
c:\users\dad.intern4\desktop\game\hellotriangle\utilities\debug\win32surface.obj
c:\users\dad.intern4\desktop\killtherats\hellotriangle\utilities\debug\vc120.pdb
c:\users\dad.intern4\desktop\killtherats\hellotriangle\utilities\debug\vc120.idb
c:\users\dad.intern4\desktop\killtherats\hellotriangle\utilities\debug\matrix.obj
c:\users\dad.intern4\desktop\killtherats\hellotriangle\utilities\debug\tga.obj
c:\users\dad.intern4\desktop\killtherats\hellotriangle\utilities\debug\timer.obj
c:\users\dad.intern4\desktop\killtherats\hellotriangle\utilities\debug\vector2.obj
c:\users\dad.intern4\desktop\killtherats\hellotriangle\utilities\debug\vector3.obj
c:\users\dad.intern4\desktop\killtherats\hellotriangle\utilities\debug\vector4.obj
c:\users\dad.intern4\desktop\killtherats\hellotriangle\utilities\debug\win32surface.obj
c:\users\dad.intern4\desktop\game - copy\hellotriangle\utilities\debug\vc120.pdb
c:\users\dad.intern4\desktop\game - copy\hellotriangle\utilities\debug\vc120.idb
c:\users\dad.intern4\desktop\game - copy\hellotriangle\utilities\debug\matrix.obj
c:\users\dad.intern4\desktop\game - copy\hellotriangle\utilities\debug\tga.obj
c:\users\dad.intern4\desktop\game - copy\hellotriangle\utilities\debug\timer.obj
c:\users\dad.intern4\desktop\game - copy\hellotriangle\utilities\debug\vector2.obj
c:\users\dad.intern4\desktop\game - copy\hellotriangle\utilities\debug\vector3.obj
c:\users\dad.intern4\desktop\game - copy\hellotriangle\utilities\debug\vector4.obj
c:\users\dad.intern4\desktop\game - copy\hellotriangle\utilities\debug\win32surface.obj
d:\workplace\game\hellotriangle\utilities\debug\vc120.pdb
d:\workplace\game\hellotriangle\utilities\debug\vc120.idb
d:\workplace\game\hellotriangle\utilities\debug\matrix.obj
d:\workplace\game\hellotriangle\utilities\debug\tga.obj
d:\workplace\game\hellotriangle\utilities\debug\timer.obj
d:\workplace\game\hellotriangle\utilities\debug\vector2.obj
d:\workplace\game\hellotriangle\utilities\debug\vector3.obj
d:\workplace\game\hellotriangle\utilities\debug\vector4.obj
d:\workplace\game\hellotriangle\utilities\debug\win32surface.obj
c:\users\dad.intern4\desktop\killtherats\hellotriangle\debug\utilities.lib
c:\users\dad.intern4\desktop\game\hellotriangle\debug\utilities.lib
c:\users\dad.intern4\desktop\game - copy\hellotriangle\debug\utilities.lib
d:\workplace\game\hellotriangle\debug\utilities.lib
d:\workplace\game\hellotriangle\utilities\debug\utilities.tlog\cl.command.1.tlog
d:\workplace\game\hellotriangle\utilities\debug\utilities.tlog\cl.read.1.tlog
d:\workplace\game\hellotriangle\utilities\debug\utilities.tlog\cl.write.1.tlog
d:\workplace\game\hellotriangle\utilities\debug\utilities.tlog\lib-link.read.1.tlog
d:\workplace\game\hellotriangle\utilities\debug\utilities.tlog\lib-link.write.1.tlog
d:\workplace\game\hellotriangle\utilities\debug\utilities.tlog\lib.command.1.tlog
